<?xml version="1.0" encoding="UTF-8"?>
<testng-results ignored="0" total="2" passed="2" failed="0" skipped="0">
  <reporter-output>
  </reporter-output>
  <suite started-at="2018-12-06T02:23:08Z" name="Suite" finished-at="2018-12-06T02:23:08Z" duration-ms="22">
    <groups>
    </groups>
    <test started-at="2018-12-06T02:23:08Z" name="Test" finished-at="2018-12-06T02:23:08Z" duration-ms="22">
      <class name="com.syntax.reviewproject.MavenTest">
        <test-method signature="hello()[pri:0, instance:com.syntax.reviewproject.MavenTest@710f4dc7]" started-at="2018-12-06T02:23:08Z" name="hello" finished-at="2018-12-06T02:23:08Z" duration-ms="0" status="PASS">
          <reporter-output>
          </reporter-output>
        </test-method> <!-- hello -->
      </class> <!-- com.syntax.reviewproject.MavenTest -->
      <class name="com.syntax.reviewproject.MavenTest2">
        <test-method signature="hello2()[pri:0, instance:com.syntax.reviewproject.MavenTest2@2925bf5b]" started-at="2018-12-06T02:23:08Z" name="hello2" finished-at="2018-12-06T02:23:08Z" duration-ms="5" status="PASS">
          <reporter-output>
          </reporter-output>
        </test-method> <!-- hello2 -->
      </class> <!-- com.syntax.reviewproject.MavenTest2 -->
    </test> <!-- Test -->
  </suite> <!-- Suite -->
</testng-results>
