<?xml version="1.0" encoding="UTF-8"?>
<testng-results ignored="0" total="1" passed="1" failed="0" skipped="0">
  <reporter-output>
  </reporter-output>
  <suite started-at="2018-12-06T01:55:12Z" name="Default suite" finished-at="2018-12-06T01:55:12Z" duration-ms="37">
    <groups>
    </groups>
    <test started-at="2018-12-06T01:55:12Z" name="Default test" finished-at="2018-12-06T01:55:12Z" duration-ms="37">
      <class name="com.syntax.reviewproject.MavenTest">
        <test-method signature="hello()[pri:0, instance:com.syntax.reviewproject.MavenTest@192c3f1e]" started-at="2018-12-06T01:55:12Z" name="hello" finished-at="2018-12-06T01:55:12Z" duration-ms="12" status="PASS">
          <reporter-output>
          </reporter-output>
        </test-method> <!-- hello -->
      </class> <!-- com.syntax.reviewproject.MavenTest -->
    </test> <!-- Default test -->
  </suite> <!-- Default suite -->
</testng-results>
